<?xml version="1.0" encoding="UTF-8"?>
<!-- Generated by org.testng.reporters.JUnitReportReporter -->
<testsuite hostname="DESKTOP-RKQ1FDO" failures="0" tests="2" name="com.commands.demotestng" time="0.030" errors="0" timestamp="2024-07-24T09:06:41 IST" skipped="0">
  <testcase classname="com.commands.demotestng" name="Testcase2" time="0.004"/>
  <testcase classname="com.commands.demotestng" name="Testcase1" time="0.026"/>
</testsuite> <!-- com.commands.demotestng -->
